<?xml version="1.0" encoding="UTF-8"?>
<testsuite xmlns:xsi="http://www.w3.org/2001/XMLSchema-instance" xsi:noNamespaceSchemaLocation="https://maven.apache.org/surefire/maven-surefire-plugin/xsd/surefire-test-report.xsd" name="com.timpage.app.AppTest" time="0.139" tests="2" errors="0" skipped="0" failures="0">
  <properties>
    <property name="java.specification.version" value="15"/>
    <property name="sun.jnu.encoding" value="UTF-8"/>
    <property name="java.class.path" value="/Users/timpage/project/tab-converter/target/test-classes:/Users/timpage/project/tab-converter/target/classes:/Users/timpage/.m2/repository/junit/junit/4.12/junit-4.12.jar:/Users/timpage/.m2/repository/org/hamcrest/hamcrest-core/1.3/hamcrest-core-1.3.jar:/Users/timpage/.m2/repository/org/jsoup/jsoup/1.14.3/jsoup-1.14.3.jar:/Users/timpage/.m2/repository/commons-cli/commons-cli/1.4/commons-cli-1.4.jar:/Users/timpage/.m2/repository/commons-fileupload/commons-fileupload/1.4/commons-fileupload-1.4.jar:/Users/timpage/.m2/repository/commons-io/commons-io/2.11.0/commons-io-2.11.0.jar:/Users/timpage/.m2/repository/javax/servlet/javax.servlet-api/4.0.1/javax.servlet-api-4.0.1.jar:/Users/timpage/.m2/repository/org/apache/poi/poi-ooxml/5.2.0/poi-ooxml-5.2.0.jar:/Users/timpage/.m2/repository/org/apache/poi/poi/5.2.0/poi-5.2.0.jar:/Users/timpage/.m2/repository/commons-codec/commons-codec/1.15/commons-codec-1.15.jar:/Users/timpage/.m2/repository/org/apache/commons/commons-math3/3.6.1/commons-math3-3.6.1.jar:/Users/timpage/.m2/repository/com/zaxxer/SparseBitSet/1.2/SparseBitSet-1.2.jar:/Users/timpage/.m2/repository/org/apache/poi/poi-ooxml-lite/5.2.0/poi-ooxml-lite-5.2.0.jar:/Users/timpage/.m2/repository/org/apache/xmlbeans/xmlbeans/5.0.3/xmlbeans-5.0.3.jar:/Users/timpage/.m2/repository/org/apache/commons/commons-compress/1.21/commons-compress-1.21.jar:/Users/timpage/.m2/repository/com/github/virtuald/curvesapi/1.06/curvesapi-1.06.jar:/Users/timpage/.m2/repository/org/apache/logging/log4j/log4j-api/2.17.1/log4j-api-2.17.1.jar:/Users/timpage/.m2/repository/org/apache/commons/commons-collections4/4.4/commons-collections4-4.4.jar:/Users/timpage/.m2/repository/org/javatuples/javatuples/1.2/javatuples-1.2.jar:"/>
    <property name="java.vm.vendor" value="Oracle Corporation"/>
    <property name="sun.arch.data.model" value="64"/>
    <property name="java.vendor.url" value="https://java.oracle.com/"/>
    <property name="os.name" value="Mac OS X"/>
    <property name="java.vm.specification.version" value="15"/>
    <property name="sun.java.launcher" value="SUN_STANDARD"/>
    <property name="user.country" value="GB"/>
    <property name="sun.boot.library.path" value="/Library/Java/JavaVirtualMachines/jdk-15.jdk/Contents/Home/lib"/>
    <property name="sun.java.command" value="/Users/timpage/project/tab-converter/target/surefire/surefirebooter6521905621036881251.jar /Users/timpage/project/tab-converter/target/surefire 2022-03-12T14-46-58_594-jvmRun1 surefire2022162143294056327tmp surefire_014433062096001827001tmp"/>
    <property name="http.nonProxyHosts" value="local|*.local|169.254/16|*.169.254/16"/>
    <property name="jdk.debug" value="release"/>
    <property name="surefire.test.class.path" value="/Users/timpage/project/tab-converter/target/test-classes:/Users/timpage/project/tab-converter/target/classes:/Users/timpage/.m2/repository/junit/junit/4.12/junit-4.12.jar:/Users/timpage/.m2/repository/org/hamcrest/hamcrest-core/1.3/hamcrest-core-1.3.jar:/Users/timpage/.m2/repository/org/jsoup/jsoup/1.14.3/jsoup-1.14.3.jar:/Users/timpage/.m2/repository/commons-cli/commons-cli/1.4/commons-cli-1.4.jar:/Users/timpage/.m2/repository/commons-fileupload/commons-fileupload/1.4/commons-fileupload-1.4.jar:/Users/timpage/.m2/repository/commons-io/commons-io/2.11.0/commons-io-2.11.0.jar:/Users/timpage/.m2/repository/javax/servlet/javax.servlet-api/4.0.1/javax.servlet-api-4.0.1.jar:/Users/timpage/.m2/repository/org/apache/poi/poi-ooxml/5.2.0/poi-ooxml-5.2.0.jar:/Users/timpage/.m2/repository/org/apache/poi/poi/5.2.0/poi-5.2.0.jar:/Users/timpage/.m2/repository/commons-codec/commons-codec/1.15/commons-codec-1.15.jar:/Users/timpage/.m2/repository/org/apache/commons/commons-math3/3.6.1/commons-math3-3.6.1.jar:/Users/timpage/.m2/repository/com/zaxxer/SparseBitSet/1.2/SparseBitSet-1.2.jar:/Users/timpage/.m2/repository/org/apache/poi/poi-ooxml-lite/5.2.0/poi-ooxml-lite-5.2.0.jar:/Users/timpage/.m2/repository/org/apache/xmlbeans/xmlbeans/5.0.3/xmlbeans-5.0.3.jar:/Users/timpage/.m2/repository/org/apache/commons/commons-compress/1.21/commons-compress-1.21.jar:/Users/timpage/.m2/repository/com/github/virtuald/curvesapi/1.06/curvesapi-1.06.jar:/Users/timpage/.m2/repository/org/apache/logging/log4j/log4j-api/2.17.1/log4j-api-2.17.1.jar:/Users/timpage/.m2/repository/org/apache/commons/commons-collections4/4.4/commons-collections4-4.4.jar:/Users/timpage/.m2/repository/org/javatuples/javatuples/1.2/javatuples-1.2.jar:"/>
    <property name="sun.cpu.endian" value="little"/>
    <property name="user.home" value="/Users/timpage"/>
    <property name="user.language" value="en"/>
    <property name="java.specification.vendor" value="Oracle Corporation"/>
    <property name="java.version.date" value="2020-09-15"/>
    <property name="java.home" value="/Library/Java/JavaVirtualMachines/jdk-15.jdk/Contents/Home"/>
    <property name="file.separator" value="/"/>
    <property name="basedir" value="/Users/timpage/project/tab-converter"/>
    <property name="java.vm.compressedOopsMode" value="Zero based"/>
    <property name="line.separator" value="&#10;"/>
    <property name="java.specification.name" value="Java Platform API Specification"/>
    <property name="java.vm.specification.vendor" value="Oracle Corporation"/>
    <property name="surefire.real.class.path" value="/Users/timpage/project/tab-converter/target/surefire/surefirebooter6521905621036881251.jar"/>
    <property name="sun.management.compiler" value="HotSpot 64-Bit Tiered Compilers"/>
    <property name="ftp.nonProxyHosts" value="local|*.local|169.254/16|*.169.254/16"/>
    <property name="java.runtime.version" value="15+36-1562"/>
    <property name="user.name" value="timpage"/>
    <property name="path.separator" value=":"/>
    <property name="os.version" value="10.16"/>
    <property name="java.runtime.name" value="Java(TM) SE Runtime Environment"/>
    <property name="file.encoding" value="UTF-8"/>
    <property name="java.vm.name" value="Java HotSpot(TM) 64-Bit Server VM"/>
    <property name="localRepository" value="/Users/timpage/.m2/repository"/>
    <property name="java.vendor.url.bug" value="https://bugreport.java.com/bugreport/"/>
    <property name="java.io.tmpdir" value="/var/folders/7p/h0tgmcs96318596n_ljcnts40000gn/T/"/>
    <property name="java.version" value="15"/>
    <property name="user.dir" value="/Users/timpage/project/tab-converter"/>
    <property name="os.arch" value="x86_64"/>
    <property name="java.vm.specification.name" value="Java Virtual Machine Specification"/>
    <property name="java.library.path" value="/Users/timpage/Library/Java/Extensions:/Library/Java/Extensions:/Network/Library/Java/Extensions:/System/Library/Java/Extensions:/usr/lib/java:."/>
    <property name="java.vm.info" value="mixed mode, sharing"/>
    <property name="java.vendor" value="Oracle Corporation"/>
    <property name="java.vm.version" value="15+36-1562"/>
    <property name="sun.io.unicode.encoding" value="UnicodeBig"/>
    <property name="socksNonProxyHosts" value="local|*.local|169.254/16|*.169.254/16"/>
    <property name="java.class.version" value="59.0"/>
  </properties>
  <testcase name="ParserIsProducingOutput" classname="com.timpage.app.AppTest" time="0.002"/>
  <testcase name="testTabConverter" classname="com.timpage.app.AppTest" time="0"/>
</testsuite>